"E:/UnrealEngine/Unreal Projects/TomdsMagic/Content/2DSideScroller/Textures/2DBackground.uasset" 0
"E:/UnrealEngine/Unreal Projects/TomdsMagic/Content/2DSideScroller/Textures/2DBackground.uexp" 1
"../../../Engine/Plugins/2D/Paper2D/Content/PlaceholderTextures/DummySpriteTexture.uasset" 2
"../../../Engine/Plugins/2D/Paper2D/Content/PlaceholderTextures/DummySpriteTexture.uexp" 3
"../../../Engine/Plugins/2D/Paper2D/Content/PlaceholderTextures/DummySpriteTexture.ubulk" 4
"../../../Engine/Plugins/2D/Paper2D/Content/DefaultSpriteMaterial.uasset" 5
"../../../Engine/Plugins/2D/Paper2D/Content/DefaultSpriteMaterial.uexp" 6
"../../../Engine/Plugins/2D/Paper2D/Content/OpaqueUnlitSpriteMaterial.uasset" 7
"../../../Engine/Plugins/2D/Paper2D/Content/OpaqueUnlitSpriteMaterial.uexp" 8
"E:/UnrealEngine/Unreal Projects/TomdsMagic/Content/2DSideScroller/Sprites/Background_Sprite.uasset" 9
"E:/UnrealEngine/Unreal Projects/TomdsMagic/Content/2DSideScroller/Sprites/Background_Sprite.uexp" 10
"E:/UnrealEngine/Unreal Projects/TomdsMagic/Content/2DSideScroller/Textures/2DBackgroundBlockAtlas.uasset" 11
"E:/UnrealEngine/Unreal Projects/TomdsMagic/Content/2DSideScroller/Textures/2DBackgroundBlockAtlas.uexp" 12
"E:/UnrealEngine/Unreal Projects/TomdsMagic/Content/2DSideScroller/Sprites/Ledge.uasset" 13
"E:/UnrealEngine/Unreal Projects/TomdsMagic/Content/2DSideScroller/Sprites/Ledge.uexp" 14
"E:/UnrealEngine/Unreal Projects/TomdsMagic/Content/2DSideScroller/Textures/2DBackgroundTile.uasset" 15
"E:/UnrealEngine/Unreal Projects/TomdsMagic/Content/2DSideScroller/Textures/2DBackgroundTile.uexp" 16
"E:/UnrealEngine/Unreal Projects/TomdsMagic/Content/2DSideScroller/Materials/PrototypingSpriteMaterial.uasset" 17
"E:/UnrealEngine/Unreal Projects/TomdsMagic/Content/2DSideScroller/Materials/PrototypingSpriteMaterial.uexp" 18
"E:/UnrealEngine/Unreal Projects/TomdsMagic/Content/2DSideScroller/Sprites/PrototypingSprite.uasset" 19
"E:/UnrealEngine/Unreal Projects/TomdsMagic/Content/2DSideScroller/Sprites/PrototypingSprite.uexp" 20
"E:/UnrealEngine/Unreal Projects/TomdsMagic/Content/Blueprints/Actors/Interactable/IN_Interactable.uasset" 21
"E:/UnrealEngine/Unreal Projects/TomdsMagic/Content/Blueprints/Actors/Interactable/IN_Interactable.uexp" 22
"E:/UnrealEngine/Unreal Projects/TomdsMagic/Content/Blueprints/Widgets/W_Interact.uasset" 23
"E:/UnrealEngine/Unreal Projects/TomdsMagic/Content/Blueprints/Widgets/W_Interact.uexp" 24
"../../../Engine/Content/EditorBlueprintResources/StandardMacros.uasset" 25
"../../../Engine/Content/EditorBlueprintResources/StandardMacros.uexp" 26
"E:/UnrealEngine/Unreal Projects/TomdsMagic/Content/Blueprints/Widgets/Settings/W_Action.uasset" 27
"E:/UnrealEngine/Unreal Projects/TomdsMagic/Content/Blueprints/Widgets/Settings/W_Action.uexp" 28
"E:/UnrealEngine/Unreal Projects/TomdsMagic/Content/Blueprints/Widgets/Settings/W_Settings.uasset" 29
"E:/UnrealEngine/Unreal Projects/TomdsMagic/Content/Blueprints/Widgets/Settings/W_Settings.uexp" 30
"E:/UnrealEngine/Unreal Projects/TomdsMagic/Content/Blueprints/Widgets/W_FastMenu.uasset" 31
"E:/UnrealEngine/Unreal Projects/TomdsMagic/Content/Blueprints/Widgets/W_FastMenu.uexp" 32
"E:/UnrealEngine/Unreal Projects/TomdsMagic/Content/Blueprints/Characters/BP_MoveCamPawn.uasset" 33
"E:/UnrealEngine/Unreal Projects/TomdsMagic/Content/Blueprints/Characters/BP_MoveCamPawn.uexp" 34
"E:/UnrealEngine/Unreal Projects/TomdsMagic/Content/Blueprints/GameRules/BP_PlayerController.uasset" 35
"E:/UnrealEngine/Unreal Projects/TomdsMagic/Content/Blueprints/GameRules/BP_PlayerController.uexp" 36
"E:/UnrealEngine/Unreal Projects/TomdsMagic/Content/Brush/Open.uasset" 37
"E:/UnrealEngine/Unreal Projects/TomdsMagic/Content/Brush/Open.uexp" 38
"E:/UnrealEngine/Unreal Projects/TomdsMagic/Content/Brush/SP_WallEyeOpen.uasset" 39
"E:/UnrealEngine/Unreal Projects/TomdsMagic/Content/Brush/SP_WallEyeOpen.uexp" 40
"E:/UnrealEngine/Unreal Projects/TomdsMagic/Content/Brush/NotOpen.uasset" 41
"E:/UnrealEngine/Unreal Projects/TomdsMagic/Content/Brush/NotOpen.uexp" 42
"E:/UnrealEngine/Unreal Projects/TomdsMagic/Content/Brush/SP_WallEyeNotOpen.uasset" 43
"E:/UnrealEngine/Unreal Projects/TomdsMagic/Content/Brush/SP_WallEyeNotOpen.uexp" 44
"E:/UnrealEngine/Unreal Projects/TomdsMagic/Content/MS_BrushesPrintV1/Brush/12_Foot_Print_sb3odhhp/sb3odhhp_8K_Brush.uasset" 45
"E:/UnrealEngine/Unreal Projects/TomdsMagic/Content/MS_BrushesPrintV1/Brush/12_Foot_Print_sb3odhhp/sb3odhhp_8K_Brush.uexp" 46
"E:/UnrealEngine/Unreal Projects/TomdsMagic/Content/MS_BrushesPrintV1/Brush/12_Foot_Print_sb3odhhp/sb3odhhp_8K_Brush.ubulk" 47
"E:/UnrealEngine/Unreal Projects/TomdsMagic/Content/MS_BrushesPrintV1/Brush/12_Foot_Print_sb3odhhp/sb3odhhp_8K_Brush.uptnl" 48
"E:/UnrealEngine/Unreal Projects/TomdsMagic/Content/MS_BrushesPrintV1/SP_Foot.uasset" 49
"E:/UnrealEngine/Unreal Projects/TomdsMagic/Content/MS_BrushesPrintV1/SP_Foot.uexp" 50
"E:/UnrealEngine/Unreal Projects/TomdsMagic/Content/Materials/M_White.uasset" 51
"E:/UnrealEngine/Unreal Projects/TomdsMagic/Content/Materials/M_White.uexp" 52
"../../../Engine/Content/EngineMaterials/T_Default_Material_Grid_N.uasset" 53
"../../../Engine/Content/EngineMaterials/T_Default_Material_Grid_N.uexp" 54
"../../../Engine/Content/EngineMaterials/T_Default_Material_Grid_N.ubulk" 55
"../../../Engine/Content/EngineMaterials/T_Default_Material_Grid_M.uasset" 56
"../../../Engine/Content/EngineMaterials/T_Default_Material_Grid_M.uexp" 57
"../../../Engine/Content/EngineMaterials/T_Default_Material_Grid_M.ubulk" 58
"../../../Engine/Content/Functions/Engine_MaterialFunctions01/Opacity/CameraDepthFade.uasset" 59
"../../../Engine/Content/Functions/Engine_MaterialFunctions01/Opacity/CameraDepthFade.uexp" 60
"../../../Engine/Content/EngineMaterials/WorldGridMaterial.uasset" 61
"../../../Engine/Content/EngineMaterials/WorldGridMaterial.uexp" 62
"../../../Engine/Content/BasicShapes/Cube.uasset" 63
"../../../Engine/Content/BasicShapes/Cube.uexp" 64
"E:/UnrealEngine/Unreal Projects/TomdsMagic/Content/Blueprints/Characters/BP_3DCharacter.uasset" 65
"E:/UnrealEngine/Unreal Projects/TomdsMagic/Content/Blueprints/Characters/BP_3DCharacter.uexp" 66
"E:/UnrealEngine/Unreal Projects/TomdsMagic/Content/Blueprints/Actors/Interactable/BP_LegsButton.uasset" 67
"E:/UnrealEngine/Unreal Projects/TomdsMagic/Content/Blueprints/Actors/Interactable/BP_LegsButton.uexp" 68
"E:/UnrealEngine/Unreal Projects/TomdsMagic/Content/Blueprints/Actors/Interactable/BP_WallEye.uasset" 69
"E:/UnrealEngine/Unreal Projects/TomdsMagic/Content/Blueprints/Actors/Interactable/BP_WallEye.uexp" 70
"E:/UnrealEngine/Unreal Projects/TomdsMagic/Content/Blueprints/GameRules/BP_Gamemode.uasset" 71
"E:/UnrealEngine/Unreal Projects/TomdsMagic/Content/Blueprints/GameRules/BP_Gamemode.uexp" 72
"E:/UnrealEngine/Unreal Projects/TomdsMagic/Content/2DSideScroller/Textures/2DCharacter_RunAnimAtlas.uasset" 73
"E:/UnrealEngine/Unreal Projects/TomdsMagic/Content/2DSideScroller/Textures/2DCharacter_RunAnimAtlas.uexp" 74
"E:/UnrealEngine/Unreal Projects/TomdsMagic/Content/2DSideScroller/Sprites/RunFrames/RunCycle_9.uasset" 75
"E:/UnrealEngine/Unreal Projects/TomdsMagic/Content/2DSideScroller/Sprites/RunFrames/RunCycle_9.uexp" 76
"E:/UnrealEngine/Unreal Projects/TomdsMagic/Content/2DSideScroller/Sprites/RunFrames/RunCycle_8.uasset" 77
"E:/UnrealEngine/Unreal Projects/TomdsMagic/Content/2DSideScroller/Sprites/RunFrames/RunCycle_8.uexp" 78
"E:/UnrealEngine/Unreal Projects/TomdsMagic/Content/2DSideScroller/Sprites/RunFrames/RunCycle_7.uasset" 79
"E:/UnrealEngine/Unreal Projects/TomdsMagic/Content/2DSideScroller/Sprites/RunFrames/RunCycle_7.uexp" 80
"E:/UnrealEngine/Unreal Projects/TomdsMagic/Content/2DSideScroller/Sprites/RunFrames/RunCycle_6.uasset" 81
"E:/UnrealEngine/Unreal Projects/TomdsMagic/Content/2DSideScroller/Sprites/RunFrames/RunCycle_6.uexp" 82
"E:/UnrealEngine/Unreal Projects/TomdsMagic/Content/2DSideScroller/Sprites/RunFrames/RunCycle_5.uasset" 83
"E:/UnrealEngine/Unreal Projects/TomdsMagic/Content/2DSideScroller/Sprites/RunFrames/RunCycle_5.uexp" 84
"E:/UnrealEngine/Unreal Projects/TomdsMagic/Content/2DSideScroller/Sprites/RunFrames/RunCycle_4.uasset" 85
"E:/UnrealEngine/Unreal Projects/TomdsMagic/Content/2DSideScroller/Sprites/RunFrames/RunCycle_4.uexp" 86
"E:/UnrealEngine/Unreal Projects/TomdsMagic/Content/2DSideScroller/Sprites/RunFrames/RunCycle_3.uasset" 87
"E:/UnrealEngine/Unreal Projects/TomdsMagic/Content/2DSideScroller/Sprites/RunFrames/RunCycle_3.uexp" 88
"E:/UnrealEngine/Unreal Projects/TomdsMagic/Content/2DSideScroller/Sprites/RunFrames/RunCycle_2.uasset" 89
"E:/UnrealEngine/Unreal Projects/TomdsMagic/Content/2DSideScroller/Sprites/RunFrames/RunCycle_2.uexp" 90
"E:/UnrealEngine/Unreal Projects/TomdsMagic/Content/2DSideScroller/Sprites/RunFrames/RunCycle_16.uasset" 91
"E:/UnrealEngine/Unreal Projects/TomdsMagic/Content/2DSideScroller/Sprites/RunFrames/RunCycle_16.uexp" 92
"E:/UnrealEngine/Unreal Projects/TomdsMagic/Content/2DSideScroller/Sprites/RunFrames/RunCycle_15.uasset" 93
"E:/UnrealEngine/Unreal Projects/TomdsMagic/Content/2DSideScroller/Sprites/RunFrames/RunCycle_15.uexp" 94
"E:/UnrealEngine/Unreal Projects/TomdsMagic/Content/2DSideScroller/Sprites/RunFrames/RunCycle_14.uasset" 95
"E:/UnrealEngine/Unreal Projects/TomdsMagic/Content/2DSideScroller/Sprites/RunFrames/RunCycle_14.uexp" 96
"E:/UnrealEngine/Unreal Projects/TomdsMagic/Content/2DSideScroller/Sprites/RunFrames/RunCycle_13.uasset" 97
"E:/UnrealEngine/Unreal Projects/TomdsMagic/Content/2DSideScroller/Sprites/RunFrames/RunCycle_13.uexp" 98
"E:/UnrealEngine/Unreal Projects/TomdsMagic/Content/2DSideScroller/Sprites/RunFrames/RunCycle_12.uasset" 99
"E:/UnrealEngine/Unreal Projects/TomdsMagic/Content/2DSideScroller/Sprites/RunFrames/RunCycle_12.uexp" 100
"E:/UnrealEngine/Unreal Projects/TomdsMagic/Content/2DSideScroller/Sprites/RunFrames/RunCycle_11.uasset" 101
"E:/UnrealEngine/Unreal Projects/TomdsMagic/Content/2DSideScroller/Sprites/RunFrames/RunCycle_11.uexp" 102
"E:/UnrealEngine/Unreal Projects/TomdsMagic/Content/2DSideScroller/Sprites/RunFrames/RunCycle_10.uasset" 103
"E:/UnrealEngine/Unreal Projects/TomdsMagic/Content/2DSideScroller/Sprites/RunFrames/RunCycle_10.uexp" 104
"E:/UnrealEngine/Unreal Projects/TomdsMagic/Content/2DSideScroller/Sprites/RunFrames/RunCycle_1.uasset" 105
"E:/UnrealEngine/Unreal Projects/TomdsMagic/Content/2DSideScroller/Sprites/RunFrames/RunCycle_1.uexp" 106
"E:/UnrealEngine/Unreal Projects/TomdsMagic/Content/2DSideScroller/Sprites/RunningAnimation.uasset" 107
"E:/UnrealEngine/Unreal Projects/TomdsMagic/Content/2DSideScroller/Sprites/RunningAnimation.uexp" 108
"E:/UnrealEngine/Unreal Projects/TomdsMagic/Content/2DSideScroller/Textures/2DCharacter_IdleAnimAtlas.uasset" 109
"E:/UnrealEngine/Unreal Projects/TomdsMagic/Content/2DSideScroller/Textures/2DCharacter_IdleAnimAtlas.uexp" 110
"E:/UnrealEngine/Unreal Projects/TomdsMagic/Content/2DSideScroller/Sprites/IdleFrames/IdleCycle8.uasset" 111
"E:/UnrealEngine/Unreal Projects/TomdsMagic/Content/2DSideScroller/Sprites/IdleFrames/IdleCycle8.uexp" 112
"E:/UnrealEngine/Unreal Projects/TomdsMagic/Content/2DSideScroller/Sprites/IdleFrames/IdleCycle7.uasset" 113
"E:/UnrealEngine/Unreal Projects/TomdsMagic/Content/2DSideScroller/Sprites/IdleFrames/IdleCycle7.uexp" 114
"E:/UnrealEngine/Unreal Projects/TomdsMagic/Content/2DSideScroller/Sprites/IdleFrames/IdleCycle6.uasset" 115
"E:/UnrealEngine/Unreal Projects/TomdsMagic/Content/2DSideScroller/Sprites/IdleFrames/IdleCycle6.uexp" 116
"E:/UnrealEngine/Unreal Projects/TomdsMagic/Content/2DSideScroller/Sprites/IdleFrames/IdleCycle5.uasset" 117
"E:/UnrealEngine/Unreal Projects/TomdsMagic/Content/2DSideScroller/Sprites/IdleFrames/IdleCycle5.uexp" 118
"E:/UnrealEngine/Unreal Projects/TomdsMagic/Content/2DSideScroller/Sprites/IdleFrames/IdleCycle4.uasset" 119
"E:/UnrealEngine/Unreal Projects/TomdsMagic/Content/2DSideScroller/Sprites/IdleFrames/IdleCycle4.uexp" 120
"E:/UnrealEngine/Unreal Projects/TomdsMagic/Content/2DSideScroller/Sprites/IdleFrames/IdleCycle3.uasset" 121
"E:/UnrealEngine/Unreal Projects/TomdsMagic/Content/2DSideScroller/Sprites/IdleFrames/IdleCycle3.uexp" 122
"E:/UnrealEngine/Unreal Projects/TomdsMagic/Content/2DSideScroller/Sprites/IdleFrames/IdleCycle2.uasset" 123
"E:/UnrealEngine/Unreal Projects/TomdsMagic/Content/2DSideScroller/Sprites/IdleFrames/IdleCycle2.uexp" 124
"E:/UnrealEngine/Unreal Projects/TomdsMagic/Content/2DSideScroller/Sprites/IdleFrames/IdleCycle1.uasset" 125
"E:/UnrealEngine/Unreal Projects/TomdsMagic/Content/2DSideScroller/Sprites/IdleFrames/IdleCycle1.uexp" 126
"E:/UnrealEngine/Unreal Projects/TomdsMagic/Content/2DSideScroller/Sprites/IdleAnimation.uasset" 127
"E:/UnrealEngine/Unreal Projects/TomdsMagic/Content/2DSideScroller/Sprites/IdleAnimation.uexp" 128
"E:/UnrealEngine/Unreal Projects/TomdsMagic/Content/Blueprints/Characters/BP_2DCharacter.uasset" 129
"E:/UnrealEngine/Unreal Projects/TomdsMagic/Content/Blueprints/Characters/BP_2DCharacter.uexp" 130
"E:/UnrealEngine/Unreal Projects/TomdsMagic/Content/Blueprints/Widgets/MainMenu/W_ServerInfo.uasset" 131
"E:/UnrealEngine/Unreal Projects/TomdsMagic/Content/Blueprints/Widgets/MainMenu/W_ServerInfo.uexp" 132
"E:/UnrealEngine/Unreal Projects/TomdsMagic/Content/DungeonLamps/Particles/Textures/T_Smoke_GK_Tiled_cc.uasset" 133
"E:/UnrealEngine/Unreal Projects/TomdsMagic/Content/DungeonLamps/Particles/Textures/T_Smoke_GK_Tiled_cc.uexp" 134
"E:/UnrealEngine/Unreal Projects/TomdsMagic/Content/DungeonLamps/Particles/Textures/T_Smoke_GK_Tiled_cc.ubulk" 135
"E:/UnrealEngine/Unreal Projects/TomdsMagic/Content/DungeonLamps/Particles/Textures/T_Smoke_GK_SubUV.uasset" 136
"E:/UnrealEngine/Unreal Projects/TomdsMagic/Content/DungeonLamps/Particles/Textures/T_Smoke_GK_SubUV.uexp" 137
"E:/UnrealEngine/Unreal Projects/TomdsMagic/Content/DungeonLamps/Particles/Textures/T_Smoke_GK_SubUV.ubulk" 138
"E:/UnrealEngine/Unreal Projects/TomdsMagic/Content/DungeonLamps/Particles/Materials/M_smoke_subUV.uasset" 139
"E:/UnrealEngine/Unreal Projects/TomdsMagic/Content/DungeonLamps/Particles/Materials/M_smoke_subUV.uexp" 140
"../../../Engine/Content/Functions/Engine_MaterialFunctions01/Gradient/RadialGradient.uasset" 141
"../../../Engine/Content/Functions/Engine_MaterialFunctions01/Gradient/RadialGradient.uexp" 142
"E:/UnrealEngine/Unreal Projects/TomdsMagic/Content/DungeonLamps/Particles/Materials/M_Radial_Gradient.uasset" 143
"E:/UnrealEngine/Unreal Projects/TomdsMagic/Content/DungeonLamps/Particles/Materials/M_Radial_Gradient.uexp" 144
"E:/UnrealEngine/Unreal Projects/TomdsMagic/Content/DungeonLamps/Particles/Textures/T_Water_GK_nm.uasset" 145
"E:/UnrealEngine/Unreal Projects/TomdsMagic/Content/DungeonLamps/Particles/Textures/T_Water_GK_nm.uexp" 146
"E:/UnrealEngine/Unreal Projects/TomdsMagic/Content/DungeonLamps/Particles/Textures/T_Water_GK_nm.ubulk" 147
"E:/UnrealEngine/Unreal Projects/TomdsMagic/Content/DungeonLamps/Particles/Materials/M_Heat_Distortion.uasset" 148
"E:/UnrealEngine/Unreal Projects/TomdsMagic/Content/DungeonLamps/Particles/Materials/M_Heat_Distortion.uexp" 149
"E:/UnrealEngine/Unreal Projects/TomdsMagic/Content/DungeonLamps/Particles/Textures/T_Flame_002_cc.uasset" 150
"E:/UnrealEngine/Unreal Projects/TomdsMagic/Content/DungeonLamps/Particles/Textures/T_Flame_002_cc.uexp" 151
"E:/UnrealEngine/Unreal Projects/TomdsMagic/Content/DungeonLamps/Particles/Textures/T_Flame_002_cc.ubulk" 152
"E:/UnrealEngine/Unreal Projects/TomdsMagic/Content/DungeonLamps/Particles/Textures/T_Fire_GK_SubUV.uasset" 153
"E:/UnrealEngine/Unreal Projects/TomdsMagic/Content/DungeonLamps/Particles/Textures/T_Fire_GK_SubUV.uexp" 154
"E:/UnrealEngine/Unreal Projects/TomdsMagic/Content/DungeonLamps/Particles/Textures/T_Fire_GK_SubUV.ubulk" 155
"E:/UnrealEngine/Unreal Projects/TomdsMagic/Content/DungeonLamps/Particles/Materials/M_Fire_SubUV.uasset" 156
"E:/UnrealEngine/Unreal Projects/TomdsMagic/Content/DungeonLamps/Particles/Materials/M_Fire_SubUV.uexp" 157
"E:/UnrealEngine/Unreal Projects/TomdsMagic/Content/DungeonLamps/Particles/P_Fire_for_Tortches.uasset" 158
"E:/UnrealEngine/Unreal Projects/TomdsMagic/Content/DungeonLamps/Particles/P_Fire_for_Tortches.uexp" 159
"E:/UnrealEngine/Unreal Projects/TomdsMagic/Content/DungeonLamps/Particles/P_Fire_for_Tortches_Flame.uasset" 160
"E:/UnrealEngine/Unreal Projects/TomdsMagic/Content/DungeonLamps/Particles/P_Fire_for_Tortches_Flame.uexp" 161
"E:/UnrealEngine/Unreal Projects/TomdsMagic/Content/DungeonLamps/Particles/P_Fire_for_Tortches_Small.uasset" 162
"E:/UnrealEngine/Unreal Projects/TomdsMagic/Content/DungeonLamps/Particles/P_Fire_for_Tortches_Small.uexp" 163
"E:/UnrealEngine/Unreal Projects/TomdsMagic/Content/DungeonLamps/Particles/P_Fire_for_Tortches_Tiny.uasset" 164
"E:/UnrealEngine/Unreal Projects/TomdsMagic/Content/DungeonLamps/Particles/P_Fire_for_Tortches_Tiny.uexp" 165
"E:/UnrealEngine/Unreal Projects/TomdsMagic/Content/DungeonLamps/Particles/Textures/T_Fire_Tiled_cc.uasset" 166
"E:/UnrealEngine/Unreal Projects/TomdsMagic/Content/DungeonLamps/Particles/Textures/T_Fire_Tiled_cc.uexp" 167
"E:/UnrealEngine/Unreal Projects/TomdsMagic/Content/DungeonLamps/Particles/Textures/T_Fire_Tiled_cc.ubulk" 168
"E:/UnrealEngine/Unreal Projects/TomdsMagic/Content/DungeonLamps/Particles/Textures/T_Light_GK_nm.uasset" 169
"E:/UnrealEngine/Unreal Projects/TomdsMagic/Content/DungeonLamps/Particles/Textures/T_Light_GK_nm.uexp" 170
"E:/UnrealEngine/Unreal Projects/TomdsMagic/Content/DungeonLamps/Particles/Textures/T_Light_GK_nm.ubulk" 171
"E:/UnrealEngine/Unreal Projects/TomdsMagic/Content/DungeonLamps/Particles/Textures/T_Light_Line_cc.uasset" 172
"E:/UnrealEngine/Unreal Projects/TomdsMagic/Content/DungeonLamps/Particles/Textures/T_Light_Line_cc.uexp" 173
"E:/UnrealEngine/Unreal Projects/TomdsMagic/Content/DungeonLamps/Particles/Textures/T_Light_Line_cc.ubulk" 174
"E:/UnrealEngine/Unreal Projects/TomdsMagic/Content/Geometry/Meshes/CubeMaterial.uasset" 175
"E:/UnrealEngine/Unreal Projects/TomdsMagic/Content/Geometry/Meshes/CubeMaterial.uexp" 176
"E:/UnrealEngine/Unreal Projects/TomdsMagic/Content/Geometry/Meshes/1M_Cube_Chamfer.uasset" 177
"E:/UnrealEngine/Unreal Projects/TomdsMagic/Content/Geometry/Meshes/1M_Cube_Chamfer.uexp" 178
"E:/UnrealEngine/Unreal Projects/TomdsMagic/Content/Geometry/Meshes/TemplateFloor.uasset" 179
"E:/UnrealEngine/Unreal Projects/TomdsMagic/Content/Geometry/Meshes/TemplateFloor.uexp" 180
"E:/UnrealEngine/Unreal Projects/TomdsMagic/Content/Materials/M_Box.uasset" 181
"E:/UnrealEngine/Unreal Projects/TomdsMagic/Content/Materials/M_Box.uexp" 182
"E:/UnrealEngine/Unreal Projects/TomdsMagic/Content/MS_BrushesPrintV1/Brush/01_Hand_Splash_sc2udbrc/sc2udbrc_8K_Brush.uasset" 183
"E:/UnrealEngine/Unreal Projects/TomdsMagic/Content/MS_BrushesPrintV1/Brush/01_Hand_Splash_sc2udbrc/sc2udbrc_8K_Brush.uexp" 184
"E:/UnrealEngine/Unreal Projects/TomdsMagic/Content/MS_BrushesPrintV1/Brush/01_Hand_Splash_sc2udbrc/sc2udbrc_8K_Brush.ubulk" 185
"E:/UnrealEngine/Unreal Projects/TomdsMagic/Content/MS_BrushesPrintV1/Brush/01_Hand_Splash_sc2udbrc/sc2udbrc_8K_Brush.uptnl" 186
"../../../Engine/Content/EngineMaterials/DefaultWhiteGrid.uasset" 187
"../../../Engine/Content/EngineMaterials/DefaultWhiteGrid.uexp" 188
"../../../Engine/Content/EngineMaterials/DefaultWhiteGrid.ubulk" 189
"../../../Engine/Content/EngineMaterials/BlendFunc_DefBlend.uasset" 190
"../../../Engine/Content/EngineMaterials/BlendFunc_DefBlend.uexp" 191
"../../../Engine/Content/EngineMaterials/BlendFunc_DefBase.uasset" 192
"../../../Engine/Content/EngineMaterials/BlendFunc_DefBase.uexp" 193
"../../../Engine/Content/Functions/Engine_MaterialFunctions03/Blends/Blend_Overlay.uasset" 194
"../../../Engine/Content/Functions/Engine_MaterialFunctions03/Blends/Blend_Overlay.uexp" 195
"../../../Engine/Content/Functions/Engine_MaterialFunctions02/Utility/MakeFloat2.uasset" 196
"../../../Engine/Content/Functions/Engine_MaterialFunctions02/Utility/MakeFloat2.uexp" 197
"E:/UnrealEngine/Unreal Projects/TomdsMagic/Content/MS_BrushesPrintV1/BrushDecal_MasterMaterial.uasset" 198
"E:/UnrealEngine/Unreal Projects/TomdsMagic/Content/MS_BrushesPrintV1/BrushDecal_MasterMaterial.uexp" 199
"E:/UnrealEngine/Unreal Projects/TomdsMagic/Content/MS_BrushesPrintV1/Brush/01_Hand_Splash_sc2udbrc/01_Hand_Splash_sc2udbrc_8K_inst.uasset" 200
"E:/UnrealEngine/Unreal Projects/TomdsMagic/Content/MS_BrushesPrintV1/Brush/01_Hand_Splash_sc2udbrc/01_Hand_Splash_sc2udbrc_8K_inst.uexp" 201
"E:/UnrealEngine/Unreal Projects/TomdsMagic/Content/MS_BrushesPrintV1/Brush/12_Foot_Print_sb3odhhp/12_Foot_Print_sb3odhhp_8K_inst.uasset" 202
"E:/UnrealEngine/Unreal Projects/TomdsMagic/Content/MS_BrushesPrintV1/Brush/12_Foot_Print_sb3odhhp/12_Foot_Print_sb3odhhp_8K_inst.uexp" 203
"E:/UnrealEngine/Unreal Projects/TomdsMagic/Content/MS_BrushesPrintV1/Brush/18_Hand_Print_sb0tacpp/sb0tacpp_8K_Brush.uasset" 204
"E:/UnrealEngine/Unreal Projects/TomdsMagic/Content/MS_BrushesPrintV1/Brush/18_Hand_Print_sb0tacpp/sb0tacpp_8K_Brush.uexp" 205
"E:/UnrealEngine/Unreal Projects/TomdsMagic/Content/MS_BrushesPrintV1/Brush/18_Hand_Print_sb0tacpp/sb0tacpp_8K_Brush.ubulk" 206
"E:/UnrealEngine/Unreal Projects/TomdsMagic/Content/MS_BrushesPrintV1/Brush/18_Hand_Print_sb0tacpp/sb0tacpp_8K_Brush.uptnl" 207
"E:/UnrealEngine/Unreal Projects/TomdsMagic/Content/MS_BrushesPrintV1/Brush/18_Hand_Print_sb0tacpp/18_Hand_Print_sb0tacpp_8K_inst.uasset" 208
"E:/UnrealEngine/Unreal Projects/TomdsMagic/Content/MS_BrushesPrintV1/Brush/18_Hand_Print_sb0tacpp/18_Hand_Print_sb0tacpp_8K_inst.uexp" 209
"../../../Engine/Content/ArtTools/RenderToTexture/Meshes/S_1_Unit_Plane.uasset" 210
"../../../Engine/Content/ArtTools/RenderToTexture/Meshes/S_1_Unit_Plane.uexp" 211
"../../../Engine/Content/EngineMaterials/DefaultMaterial.uasset" 212
"../../../Engine/Content/EngineMaterials/DefaultMaterial.uexp" 213
"../../../Engine/Content/BasicShapes/Cone.uasset" 214
"../../../Engine/Content/BasicShapes/Cone.uexp" 215
"../../../Engine/Content/BasicShapes/Sphere.uasset" 216
"../../../Engine/Content/BasicShapes/Sphere.uexp" 217
"../../../Engine/Content/EditorLandscapeResources/DataLayer.uasset" 218
"../../../Engine/Content/EditorLandscapeResources/DataLayer.uexp" 219
"../../../Engine/Content/EditorLandscapeResources/DefaultAlphaTexture.uasset" 220
"../../../Engine/Content/EditorLandscapeResources/DefaultAlphaTexture.uexp" 221
"../../../Engine/Content/EditorMaterials/MAT_Groups_Toggle.uasset" 222
"../../../Engine/Content/EditorMaterials/MAT_Groups_Toggle.uexp" 223
"../../../Engine/Content/EditorMaterials/MAT_Groups_Visibility.uasset" 224
"../../../Engine/Content/EditorMaterials/MAT_Groups_Visibility.uexp" 225
"../../../Engine/Content/EditorMaterials/PreviewShadowIndicator.uasset" 226
"../../../Engine/Content/EditorMaterials/PreviewShadowIndicator.uexp" 227
"../../../Engine/Content/EditorMaterials/PreviewShadowIndicator.ubulk" 228
"../../../Engine/Content/EditorMaterials/PreviewShadowIndicatorMaterial.uasset" 229
"../../../Engine/Content/EditorMaterials/PreviewShadowIndicatorMaterial.uexp" 230
"../../../Engine/Content/EditorMaterials/MatineeGroups/MAT_ColorTrack.uasset" 231
"../../../Engine/Content/EditorMaterials/MatineeGroups/MAT_ColorTrack.uexp" 232
"../../../Engine/Content/EditorMaterials/MatineeGroups/MAT_Groups_Anim.uasset" 233
"../../../Engine/Content/EditorMaterials/MatineeGroups/MAT_Groups_Anim.uexp" 234
"../../../Engine/Content/EditorMaterials/MatineeGroups/MAT_Groups_AudioMaster.uasset" 235
"../../../Engine/Content/EditorMaterials/MatineeGroups/MAT_Groups_AudioMaster.uexp" 236
"../../../Engine/Content/EditorMaterials/MatineeGroups/MAT_Groups_Director.uasset" 237
"../../../Engine/Content/EditorMaterials/MatineeGroups/MAT_Groups_Director.uexp" 238
"../../../Engine/Content/EditorMaterials/MatineeGroups/MAT_Groups_Event.uasset" 239
"../../../Engine/Content/EditorMaterials/MatineeGroups/MAT_Groups_Event.uexp" 240
"../../../Engine/Content/EditorMaterials/MatineeGroups/MAT_Groups_Fade.uasset" 241
"../../../Engine/Content/EditorMaterials/MatineeGroups/MAT_Groups_Fade.uexp" 242
"../../../Engine/Content/EditorMaterials/MatineeGroups/MAT_Groups_Float.uasset" 243
"../../../Engine/Content/EditorMaterials/MatineeGroups/MAT_Groups_Float.uexp" 244
"../../../Engine/Content/EditorMaterials/MatineeGroups/MAT_Groups_Move.uasset" 245
"../../../Engine/Content/EditorMaterials/MatineeGroups/MAT_Groups_Move.uexp" 246
"../../../Engine/Content/EditorMaterials/MatineeGroups/MAT_Groups_Slomo.uasset" 247
"../../../Engine/Content/EditorMaterials/MatineeGroups/MAT_Groups_Slomo.uexp" 248
"../../../Engine/Content/EditorMaterials/MatineeGroups/MAT_Groups_Sound.uasset" 249
"../../../Engine/Content/EditorMaterials/MatineeGroups/MAT_Groups_Sound.uexp" 250
"../../../Engine/Content/EditorMaterials/MatineeGroups/MAT_Groups_Vector.uasset" 251
"../../../Engine/Content/EditorMaterials/MatineeGroups/MAT_Groups_Vector.uexp" 252
"../../../Engine/Content/EditorMaterials/ParticleSystems/PSysThumbnail_NoImage.uasset" 253
"../../../Engine/Content/EditorMaterials/ParticleSystems/PSysThumbnail_NoImage.uexp" 254
"../../../Engine/Content/EditorMaterials/ParticleSystems/PSysThumbnail_NoImage.ubulk" 255
"../../../Engine/Content/EditorMaterials/ParticleSystems/PSysThumbnail_OOD.uasset" 256
"../../../Engine/Content/EditorMaterials/ParticleSystems/PSysThumbnail_OOD.uexp" 257
"../../../Engine/Content/EditorMaterials/ParticleSystems/PSysThumbnail_OOD.ubulk" 258
"../../../Engine/Content/EditorMaterials/Camera/CineMat.uasset" 259
"../../../Engine/Content/EditorMaterials/Camera/CineMat.uexp" 260
"../../../Engine/Content/EditorMaterials/Camera/MI_CineMat_Rig.uasset" 261
"../../../Engine/Content/EditorMaterials/Camera/MI_CineMat_Rig.uexp" 262
"../../../Engine/Content/EditorMeshes/Camera/SM_CraneRig_Arm.uasset" 263
"../../../Engine/Content/EditorMeshes/Camera/SM_CraneRig_Arm.uexp" 264
"../../../Engine/Content/EditorMeshes/Camera/SM_CraneRig_Base.uasset" 265
"../../../Engine/Content/EditorMeshes/Camera/SM_CraneRig_Base.uexp" 266
"../../../Engine/Content/EditorMeshes/Camera/SM_CraneRig_Body.uasset" 267
"../../../Engine/Content/EditorMeshes/Camera/SM_CraneRig_Body.uexp" 268
"../../../Engine/Content/EditorMeshes/Camera/SM_CraneRig_Mount.uasset" 269
"../../../Engine/Content/EditorMeshes/Camera/SM_CraneRig_Mount.uexp" 270
"../../../Engine/Content/EditorMeshes/Camera/SM_RailRig_Mount.uasset" 271
"../../../Engine/Content/EditorMeshes/Camera/SM_RailRig_Mount.uexp" 272
"../../../Engine/Content/EditorMeshes/Camera/SM_RailRig_Track.uasset" 273
"../../../Engine/Content/EditorMeshes/Camera/SM_RailRig_Track.uexp" 274
"../../../Engine/Content/EditorResources/BSPVertex.uasset" 275
"../../../Engine/Content/EditorResources/BSPVertex.uexp" 276
"../../../Engine/Content/EditorResources/EmptyActor.uasset" 277
"../../../Engine/Content/EditorResources/EmptyActor.uexp" 278
"../../../Engine/Content/EditorResources/S_Actor.uasset" 279
"../../../Engine/Content/EditorResources/S_Actor.uexp" 280
"../../../Engine/Content/EditorResources/S_Actor.ubulk" 281
"../../../Engine/Content/EditorResources/S_Note.uasset" 282
"../../../Engine/Content/EditorResources/S_Note.uexp" 283
"../../../Engine/Content/EditorResources/S_Note.ubulk" 284
"../../../Engine/Content/EditorResources/S_Solver.uasset" 285
"../../../Engine/Content/EditorResources/S_Solver.uexp" 286
"../../../Engine/Content/EditorResources/S_Solver.ubulk" 287
"../../../Engine/Content/EditorResources/S_Terrain.uasset" 288
"../../../Engine/Content/EditorResources/S_Terrain.uexp" 289
"../../../Engine/Content/EditorResources/S_Terrain.ubulk" 290
"../../../Engine/Content/EditorResources/S_Trigger.uasset" 291
"../../../Engine/Content/EditorResources/S_Trigger.uexp" 292
"../../../Engine/Content/EditorResources/S_Trigger.ubulk" 293
"../../../Engine/Content/EditorResources/LightIcons/S_LightError.uasset" 294
"../../../Engine/Content/EditorResources/LightIcons/S_LightError.uexp" 295
"../../../Engine/Content/EditorResources/SequenceRecorder/Countdown.uasset" 296
"../../../Engine/Content/EditorResources/SequenceRecorder/Countdown.uexp" 297
"../../../Engine/Content/EditorResources/SequenceRecorder/RecordingIndicator.uasset" 298
"../../../Engine/Content/EditorResources/SequenceRecorder/RecordingIndicator.uexp" 299
"../../../Engine/Content/EngineDamageTypes/DmgTypeBP_Environmental.uasset" 300
"../../../Engine/Content/EngineDamageTypes/DmgTypeBP_Environmental.uexp" 301
"../../../Engine/Content/EngineDebugMaterials/DebugEditorMaterial.uasset" 302
"../../../Engine/Content/EngineDebugMaterials/DebugEditorMaterial.uexp" 303
"../../../Engine/Content/EngineDebugMaterials/DebugMeshMaterial.uasset" 304
"../../../Engine/Content/EngineDebugMaterials/DebugMeshMaterial.uexp" 305
"../../../Engine/Content/EngineDebugMaterials/M_SimpleUnlitTranslucent.uasset" 306
"../../../Engine/Content/EngineDebugMaterials/M_SimpleUnlitTranslucent.uexp" 307
"../../../Engine/Content/EngineDebugMaterials/VolumeToRender.uasset" 308
"../../../Engine/Content/EngineDebugMaterials/VolumeToRender.uexp" 309
"../../../Engine/Content/Functions/Engine_MaterialFunctions02/Utility/CameraDirectionVector.uasset" 310
"../../../Engine/Content/Functions/Engine_MaterialFunctions02/Utility/CameraDirectionVector.uexp" 311
"../../../Engine/Content/EngineDebugMaterials/M_VolumeRenderSphereTracePP.uasset" 312
"../../../Engine/Content/EngineDebugMaterials/M_VolumeRenderSphereTracePP.uexp" 313
"../../../Engine/Content/Functions/Engine_MaterialFunctions01/Shading/ConvertFromDiffSpec.uasset" 314
"../../../Engine/Content/Functions/Engine_MaterialFunctions01/Shading/ConvertFromDiffSpec.uexp" 315
"../../../Engine/Content/EngineDebugMaterials/VertexColorMaterial.uasset" 316
"../../../Engine/Content/EngineDebugMaterials/VertexColorMaterial.uexp" 317
"../../../Engine/Content/EngineDebugMaterials/WireframeMaterial.uasset" 318
"../../../Engine/Content/EngineDebugMaterials/WireframeMaterial.uexp" 319
"../../../Engine/Content/EngineFonts/Faces/RobotoRegular.uasset" 320
"../../../Engine/Content/EngineFonts/Faces/RobotoRegular.uexp" 321
"../../../Engine/Content/EngineFonts/Faces/RobotoRegular.ufont" 322
"../../../Engine/Content/EngineFonts/Faces/RobotoLight.uasset" 323
"../../../Engine/Content/EngineFonts/Faces/RobotoLight.uexp" 324
"../../../Engine/Content/EngineFonts/Faces/RobotoLight.ufont" 325
"../../../Engine/Content/EngineFonts/Faces/RobotoItalic.uasset" 326
"../../../Engine/Content/EngineFonts/Faces/RobotoItalic.uexp" 327
"../../../Engine/Content/EngineFonts/Faces/RobotoItalic.ufont" 328
"../../../Engine/Content/EngineFonts/Faces/RobotoBoldItalic.uasset" 329
"../../../Engine/Content/EngineFonts/Faces/RobotoBoldItalic.uexp" 330
"../../../Engine/Content/EngineFonts/Faces/RobotoBoldItalic.ufont" 331
"../../../Engine/Content/EngineFonts/Faces/RobotoBold.uasset" 332
"../../../Engine/Content/EngineFonts/Faces/RobotoBold.uexp" 333
"../../../Engine/Content/EngineFonts/Faces/RobotoBold.ufont" 334
"../../../Engine/Content/EngineFonts/Faces/DroidSansFallback.uasset" 335
"../../../Engine/Content/EngineFonts/Faces/DroidSansFallback.uexp" 336
"../../../Engine/Content/EngineFonts/Faces/DroidSansFallback.ufont" 337
"../../../Engine/Content/EngineFonts/Roboto.uasset" 338
"../../../Engine/Content/EngineFonts/Roboto.uexp" 339
"../../../Engine/Content/EngineMaterials/BaseFlattenNormalMap.uasset" 340
"../../../Engine/Content/EngineMaterials/BaseFlattenNormalMap.uexp" 341
"../../../Engine/Content/EngineMaterials/BaseFlattenGrayscaleMap.uasset" 342
"../../../Engine/Content/EngineMaterials/BaseFlattenGrayscaleMap.uexp" 343
"../../../Engine/Content/EngineMaterials/BaseFlattenEmissiveMap.uasset" 344
"../../../Engine/Content/EngineMaterials/BaseFlattenEmissiveMap.uexp" 345
"../../../Engine/Content/EngineMaterials/BaseFlattenDiffuseMap.uasset" 346
"../../../Engine/Content/EngineMaterials/BaseFlattenDiffuseMap.uexp" 347
"../../../Engine/Content/EngineMaterials/BaseFlattenMaterial.uasset" 348
"../../../Engine/Content/EngineMaterials/BaseFlattenMaterial.uexp" 349
"../../../Engine/Content/EngineMaterials/BlueNoise.uasset" 350
"../../../Engine/Content/EngineMaterials/BlueNoise.uexp" 351
"../../../Engine/Content/EngineMaterials/DefaultBloomKernel.uasset" 352
"../../../Engine/Content/EngineMaterials/DefaultBloomKernel.uexp" 353
"../../../Engine/Content/EngineMaterials/DefaultBokeh.uasset" 354
"../../../Engine/Content/EngineMaterials/DefaultBokeh.uexp" 355
"../../../Engine/Content/EngineMaterials/DefaultDiffuse.uasset" 356
"../../../Engine/Content/EngineMaterials/DefaultDiffuse.uexp" 357
"../../../Engine/Content/EngineMaterials/DefaultDiffuse.ubulk" 358
"../../../Engine/Content/EngineMaterials/DefaultDeferredDecalMaterial.uasset" 359
"../../../Engine/Content/EngineMaterials/DefaultDeferredDecalMaterial.uexp" 360
"../../../Engine/Content/EngineMaterials/DefaultLightFunctionMaterial.uasset" 361
"../../../Engine/Content/EngineMaterials/DefaultLightFunctionMaterial.uexp" 362
"../../../Engine/Content/EngineMaterials/DefaultPhysicalMaterial.uasset" 363
"../../../Engine/Content/EngineMaterials/DefaultPhysicalMaterial.uexp" 364
"../../../Engine/Content/Functions/Engine_MaterialFunctions02/Utility/BreakOutFloat2Components.uasset" 365
"../../../Engine/Content/Functions/Engine_MaterialFunctions02/Utility/BreakOutFloat2Components.uexp" 366
"../../../Engine/Content/EngineMaterials/DefaultPostProcessMaterial.uasset" 367
"../../../Engine/Content/EngineMaterials/DefaultPostProcessMaterial.uexp" 368
"../../../Engine/Content/EngineFonts/RobotoDistanceField.uasset" 369
"../../../Engine/Content/EngineFonts/RobotoDistanceField.uexp" 370
"../../../Engine/Content/EngineMaterials/DefaultTextMaterialOpaque.uasset" 371
"../../../Engine/Content/EngineMaterials/DefaultTextMaterialOpaque.uexp" 372
"../../../Engine/Content/EngineMaterials/DefaultWhiteGrid_Low.uasset" 373
"../../../Engine/Content/EngineMaterials/DefaultWhiteGrid_Low.uexp" 374
"../../../Engine/Content/EngineMaterials/EmissiveMeshMaterial.uasset" 375
"../../../Engine/Content/EngineMaterials/EmissiveMeshMaterial.uexp" 376
"../../../Engine/Content/EngineMaterials/GizmoMaterial.uasset" 377
"../../../Engine/Content/EngineMaterials/GizmoMaterial.uexp" 378
"../../../Engine/Content/EngineMaterials/Good64x64TilingNoiseHighFreq.uasset" 379
"../../../Engine/Content/EngineMaterials/Good64x64TilingNoiseHighFreq.uexp" 380
"../../../Engine/Content/EngineMaterials/MiniFont.uasset" 381
"../../../Engine/Content/EngineMaterials/MiniFont.uexp" 382
"../../../Engine/Content/EngineMaterials/InvalidLightmapSettings.uasset" 383
"../../../Engine/Content/EngineMaterials/InvalidLightmapSettings.uexp" 384
"../../../Engine/Content/EngineMaterials/InvalidLightmapSettings.ubulk" 385
"../../../Engine/Content/EngineMaterials/M_InvalidLightmapSettings.uasset" 386
"../../../Engine/Content/EngineMaterials/M_InvalidLightmapSettings.uexp" 387
"../../../Engine/Content/Functions/Engine_MaterialFunctions02/WorldPositionOffset/CameraOffset.uasset" 388
"../../../Engine/Content/Functions/Engine_MaterialFunctions02/WorldPositionOffset/CameraOffset.uexp" 389
"../../../Engine/Content/EngineMaterials/PhAT_JointLimitMaterial.uasset" 390
"../../../Engine/Content/EngineMaterials/PhAT_JointLimitMaterial.uexp" 391
"../../../Engine/Content/EngineMaterials/DefaultCalibrationColor.uasset" 392
"../../../Engine/Content/EngineMaterials/DefaultCalibrationColor.uexp" 393
"../../../Engine/Content/EngineMaterials/PPM_DefaultCalibrationColor.uasset" 394
"../../../Engine/Content/EngineMaterials/PPM_DefaultCalibrationColor.uexp" 395
"../../../Engine/Content/EngineMaterials/DefaultCalibrationGrayscale.uasset" 396
"../../../Engine/Content/EngineMaterials/DefaultCalibrationGrayscale.uexp" 397
"../../../Engine/Content/EngineMaterials/PPM_DefaultCalibrationGrayscale.uasset" 398
"../../../Engine/Content/EngineMaterials/PPM_DefaultCalibrationGrayscale.uexp" 399
"../../../Engine/Content/EngineMaterials/PreintegratedSkinBRDF.uasset" 400
"../../../Engine/Content/EngineMaterials/PreintegratedSkinBRDF.uexp" 401
"../../../Engine/Content/EngineMaterials/RemoveSurfaceMaterial.uasset" 402
"../../../Engine/Content/EngineMaterials/RemoveSurfaceMaterial.uexp" 403
"../../../Engine/Content/EngineMaterials/WeightMapPlaceholderTexture.uasset" 404
"../../../Engine/Content/EngineMaterials/WeightMapPlaceholderTexture.uexp" 405
"../../../Engine/Content/EngineResources/WhiteSquareTexture.uasset" 406
"../../../Engine/Content/EngineResources/WhiteSquareTexture.uexp" 407
"../../../Engine/Content/EngineMaterials/Widget3DPassThrough.uasset" 408
"../../../Engine/Content/EngineMaterials/Widget3DPassThrough.uexp" 409
"../../../Engine/Content/EngineMaterials/Widget3DPassThrough_Masked.uasset" 410
"../../../Engine/Content/EngineMaterials/Widget3DPassThrough_Masked.uexp" 411
"../../../Engine/Content/EngineMaterials/Widget3DPassThrough_Opaque.uasset" 412
"../../../Engine/Content/EngineMaterials/Widget3DPassThrough_Opaque.uexp" 413
"../../../Engine/Content/EngineMaterials/Widget3DPassThrough_Masked_OneSided.uasset" 414
"../../../Engine/Content/EngineMaterials/Widget3DPassThrough_Masked_OneSided.uexp" 415
"../../../Engine/Content/EngineMaterials/Widget3DPassThrough_Opaque_OneSided.uasset" 416
"../../../Engine/Content/EngineMaterials/Widget3DPassThrough_Opaque_OneSided.uexp" 417
"../../../Engine/Content/EngineMaterials/Widget3DPassThrough_Translucent.uasset" 418
"../../../Engine/Content/EngineMaterials/Widget3DPassThrough_Translucent.uexp" 419
"../../../Engine/Content/EngineMaterials/Widget3DPassThrough_Translucent_OneSided.uasset" 420
"../../../Engine/Content/EngineMaterials/Widget3DPassThrough_Translucent_OneSided.uexp" 421
"../../../Engine/Content/EngineMeshes/Cylinder.uasset" 422
"../../../Engine/Content/EngineMeshes/Cylinder.uexp" 423
"../../../Engine/Content/EngineMeshes/Sphere.uasset" 424
"../../../Engine/Content/EngineMeshes/Sphere.uexp" 425
"../../../Engine/Content/EngineResources/DefaultTexture.uasset" 426
"../../../Engine/Content/EngineResources/DefaultTexture.uexp" 427
"../../../Engine/Content/EngineResources/DefaultTexture.ubulk" 428
"../../../Engine/Content/EngineResources/DefaultTextureCube.uasset" 429
"../../../Engine/Content/EngineResources/DefaultTextureCube.uexp" 430
"../../../Engine/Content/EngineResources/DefaultVolumeTexture2D.uasset" 431
"../../../Engine/Content/EngineResources/DefaultVolumeTexture2D.uexp" 432
"../../../Engine/Content/EngineResources/DefaultVolumeTexture.uasset" 433
"../../../Engine/Content/EngineResources/DefaultVolumeTexture.uexp" 434
"../../../Engine/Content/EngineResources/GradientTexture0.uasset" 435
"../../../Engine/Content/EngineResources/GradientTexture0.uexp" 436
"../../../Engine/Content/EngineSky/VolumetricClouds/T_NoiseShape64.uasset" 437
"../../../Engine/Content/EngineSky/VolumetricClouds/T_NoiseShape64.uexp" 438
"../../../Engine/Content/EngineSky/VolumetricClouds/T_NoiseShape64.ubulk" 439
"../../../Engine/Content/EngineSky/VolumetricClouds/T_VolumeNoiseShape64.uasset" 440
"../../../Engine/Content/EngineSky/VolumetricClouds/T_VolumeNoiseShape64.uexp" 441
"../../../Engine/Content/EngineSky/VolumetricClouds/T_NoiseErosion.uasset" 442
"../../../Engine/Content/EngineSky/VolumetricClouds/T_NoiseErosion.uexp" 443
"../../../Engine/Content/EngineSky/VolumetricClouds/T_NoiseErosion.ubulk" 444
"../../../Engine/Content/EngineSky/VolumetricClouds/T_VolumeNoiseErosion32.uasset" 445
"../../../Engine/Content/EngineSky/VolumetricClouds/T_VolumeNoiseErosion32.uexp" 446
"../../../Engine/Content/EngineSky/VolumetricClouds/CloudWeatherTexture.uasset" 447
"../../../Engine/Content/EngineSky/VolumetricClouds/CloudWeatherTexture.uexp" 448
"../../../Engine/Content/EngineSky/VolumetricClouds/CloudGradientTexture.uasset" 449
"../../../Engine/Content/EngineSky/VolumetricClouds/CloudGradientTexture.uexp" 450
"../../../Engine/Content/EngineSky/VolumetricClouds/m_SimpleVolumetricCloud.uasset" 451
"../../../Engine/Content/EngineSky/VolumetricClouds/m_SimpleVolumetricCloud.uexp" 452
"../../../Engine/Content/EngineSky/VolumetricClouds/m_SimpleVolumetricCloud_Inst.uasset" 453
"../../../Engine/Content/EngineSky/VolumetricClouds/m_SimpleVolumetricCloud_Inst.uexp" 454
"../../../Engine/Content/EngineSounds/Master.uasset" 455
"../../../Engine/Content/EngineSounds/Master.uexp" 456
"../../../Engine/Content/Functions/Engine_MaterialFunctions01/Shading/PowerToRoughness.uasset" 457
"../../../Engine/Content/Functions/Engine_MaterialFunctions01/Shading/PowerToRoughness.uexp" 458
"../../../Engine/Content/Maps/Templates/Thumbnails/Default.uasset" 459
"../../../Engine/Content/Maps/Templates/Thumbnails/Default.uexp" 460
"../../../Engine/Content/Maps/Templates/Thumbnails/TimeOfDay.uasset" 461
"../../../Engine/Content/Maps/Templates/Thumbnails/TimeOfDay.uexp" 462
"../../../Engine/Content/Maps/Templates/Thumbnails/VR-Basic.uasset" 463
"../../../Engine/Content/Maps/Templates/Thumbnails/VR-Basic.uexp" 464
"../../../Engine/Content/MobileResources/T_MobileControls_texture.uasset" 465
"../../../Engine/Content/MobileResources/T_MobileControls_texture.uexp" 466
"../../../Engine/Content/MobileResources/T_MobileMenu2.uasset" 467
"../../../Engine/Content/MobileResources/T_MobileMenu2.uexp" 468
"../../../Engine/Content/MobileResources/HUD/AnalogHat.uasset" 469
"../../../Engine/Content/MobileResources/HUD/AnalogHat.uexp" 470
"../../../Engine/Content/MobileResources/HUD/VirtualJoystick_Thumb.uasset" 471
"../../../Engine/Content/MobileResources/HUD/VirtualJoystick_Thumb.uexp" 472
"../../../Engine/Content/MobileResources/HUD/VirtualJoystick_Background.uasset" 473
"../../../Engine/Content/MobileResources/HUD/VirtualJoystick_Background.uexp" 474
"../../../Engine/Content/MobileResources/HUD/DefaultVirtualJoysticks.uasset" 475
"../../../Engine/Content/MobileResources/HUD/DefaultVirtualJoysticks.uexp" 476
"../../../Engine/Content/MobileResources/HUD/LeftVirtualJoystickOnly.uasset" 477
"../../../Engine/Content/MobileResources/HUD/LeftVirtualJoystickOnly.uexp" 478
"../../../Engine/Content/MobileResources/HUD/MobileHUDButton1_off.uasset" 479
"../../../Engine/Content/MobileResources/HUD/MobileHUDButton1_off.uexp" 480
"../../../Engine/Content/MobileResources/HUD/MobileHUDButton1_on.uasset" 481
"../../../Engine/Content/MobileResources/HUD/MobileHUDButton1_on.uexp" 482
"../../../Engine/Content/MobileResources/HUD/MobileHUDButton2_off.uasset" 483
"../../../Engine/Content/MobileResources/HUD/MobileHUDButton2_off.uexp" 484
"../../../Engine/Content/MobileResources/HUD/MobileHUDButton2_on.uasset" 485
"../../../Engine/Content/MobileResources/HUD/MobileHUDButton2_on.uexp" 486
"../../../Engine/Content/MobileResources/HUD/MobileHUDButton3.uasset" 487
"../../../Engine/Content/MobileResources/HUD/MobileHUDButton3.uexp" 488
"../../../Engine/Content/MobileResources/HUD/MobileHUDButtonFire.uasset" 489
"../../../Engine/Content/MobileResources/HUD/MobileHUDButtonFire.uexp" 490
"../../../Engine/Content/MobileResources/HUD/MobileHUDDirectionPad.uasset" 491
"../../../Engine/Content/MobileResources/HUD/MobileHUDDirectionPad.uexp" 492
"../../../Engine/Content/MobileResources/HUD/MobileHUDDirectionPad2.uasset" 493
"../../../Engine/Content/MobileResources/HUD/MobileHUDDirectionPad2.uexp" 494
"../../../Engine/Content/MobileResources/HUD/MobileHUDDirectionPad3.uasset" 495
"../../../Engine/Content/MobileResources/HUD/MobileHUDDirectionPad3.uexp" 496
"../../../Engine/Content/MobileResources/HUD/MobileHUDDirectionStick.uasset" 497
"../../../Engine/Content/MobileResources/HUD/MobileHUDDirectionStick.uexp" 498
"../../../Engine/Content/MobileResources/HUD/T_Castle_ThumbstickInner.uasset" 499
"../../../Engine/Content/MobileResources/HUD/T_Castle_ThumbstickInner.uexp" 500
"../../../Engine/Content/MobileResources/HUD/T_Castle_ThumbstickOutter.uasset" 501
"../../../Engine/Content/MobileResources/HUD/T_Castle_ThumbstickOutter.uexp" 502
"../../../Engine/Content/Tutorial/ContentIntroCurve.uasset" 503
"../../../Engine/Content/Tutorial/ContentIntroCurve.uexp" 504
"../../../Engine/Content/Tutorial/Basics/TutorialAssets/icon_tab_Levels_40x.uasset" 505
"../../../Engine/Content/Tutorial/Basics/TutorialAssets/icon_tab_Levels_40x.uexp" 506
"../../../Engine/Content/Tutorial/BlueprintTutorials/TutorialAssets/Blueprint_64x.uasset" 507
"../../../Engine/Content/Tutorial/BlueprintTutorials/TutorialAssets/Blueprint_64x.uexp" 508
"../../../Engine/Content/Tutorial/Mobile/TutorialAssets/IOS.uasset" 509
"../../../Engine/Content/Tutorial/Mobile/TutorialAssets/IOS.uexp" 510
"../../../Engine/Content/Tutorial/Mobile/TutorialAssets/android_Icon.uasset" 511
"../../../Engine/Content/Tutorial/Mobile/TutorialAssets/android_Icon.uexp" 512
"../../../Engine/Content/VREditor/TransformGizmo/TranslucentTransformGizmoMaterial.uasset" 513
"../../../Engine/Content/VREditor/TransformGizmo/TranslucentTransformGizmoMaterial.uexp" 514
"../../../Engine/Content/VREditor/LaserPointer/VR_LaserPower_01.uasset" 515
"../../../Engine/Content/VREditor/LaserPointer/VR_LaserPower_01.uexp" 516
"../../../Engine/Content/VREditor/LaserPointer/VR_LaserPower_01.ubulk" 517
"../../../Engine/Content/VREditor/TransformGizmo/TransformGizmoMaterial.uasset" 518
"../../../Engine/Content/VREditor/TransformGizmo/TransformGizmoMaterial.uexp" 519
"../../../Engine/Content/VREditor/TransformGizmo/BoundingBoxCorner.uasset" 520
"../../../Engine/Content/VREditor/TransformGizmo/BoundingBoxCorner.uexp" 521
"../../../Engine/Content/VREditor/TransformGizmo/BoundingBoxEdge.uasset" 522
"../../../Engine/Content/VREditor/TransformGizmo/BoundingBoxEdge.uexp" 523
"../../../Engine/Content/VREditor/TransformGizmo/PlaneTranslationHandle.uasset" 524
"../../../Engine/Content/VREditor/TransformGizmo/PlaneTranslationHandle.uexp" 525
"../../../Engine/Content/VREditor/TransformGizmo/Xray.uasset" 526
"../../../Engine/Content/VREditor/TransformGizmo/Xray.uexp" 527
"../../../Engine/Content/VREditor/TransformGizmo/Main.uasset" 528
"../../../Engine/Content/VREditor/TransformGizmo/Main.uexp" 529
"../../../Engine/Content/VREditor/TransformGizmo/SM_Sequencer_Key.uasset" 530
"../../../Engine/Content/VREditor/TransformGizmo/SM_Sequencer_Key.uexp" 531
"../../../Engine/Content/VREditor/TransformGizmo/SM_Sequencer_Node.uasset" 532
"../../../Engine/Content/VREditor/TransformGizmo/SM_Sequencer_Node.uexp" 533
"../../../Engine/Plugins/2D/Paper2D/Content/DummySprite.uasset" 534
"../../../Engine/Plugins/2D/Paper2D/Content/DummySprite.uexp" 535
"../../../Engine/Plugins/2D/Paper2D/Content/DefaultPaperTerrainMaterial.uasset" 536
"../../../Engine/Plugins/2D/Paper2D/Content/DefaultPaperTerrainMaterial.uexp" 537
"../../../Engine/Plugins/2D/Paper2D/Content/MaskedUnlitSpriteMaterial.uasset" 538
"../../../Engine/Plugins/2D/Paper2D/Content/MaskedUnlitSpriteMaterial.uexp" 539
"../../../Engine/Content/Functions/Engine_MaterialFunctions02/Utility/BreakOutFloat3Components.uasset" 540
"../../../Engine/Content/Functions/Engine_MaterialFunctions02/Utility/BreakOutFloat3Components.uexp" 541
"../../../Engine/Content/Functions/Engine_MaterialFunctions02/Utility/VectorLength.uasset" 542
"../../../Engine/Content/Functions/Engine_MaterialFunctions02/Utility/VectorLength.uexp" 543
"../../../Engine/Content/Functions/Engine_MaterialFunctions02/WorldPositionOffset/ObjectScale.uasset" 544
"../../../Engine/Content/Functions/Engine_MaterialFunctions02/WorldPositionOffset/ObjectScale.uexp" 545
"../../../Engine/Plugins/Editor/SpeedTreeImporter/Content/SpeedTree9/UnpackInteger3.uasset" 546
"../../../Engine/Plugins/Editor/SpeedTreeImporter/Content/SpeedTree9/UnpackInteger3.uexp" 547
"../../../Engine/Plugins/Editor/SpeedTreeImporter/Content/SpeedTree9/UnpackDirection.uasset" 548
"../../../Engine/Plugins/Editor/SpeedTreeImporter/Content/SpeedTree9/UnpackDirection.uexp" 549
"../../../Engine/Plugins/Editor/SpeedTreeImporter/Content/SpeedTree9/game_wind_noise.uasset" 550
"../../../Engine/Plugins/Editor/SpeedTreeImporter/Content/SpeedTree9/game_wind_noise.uexp" 551
"../../../Engine/Plugins/Editor/SpeedTreeImporter/Content/SpeedTree9/game_wind_noise.ubulk" 552
"../../../Engine/Content/Functions/Engine_MaterialFunctions02/SafeNormalize.uasset" 553
"../../../Engine/Content/Functions/Engine_MaterialFunctions02/SafeNormalize.uexp" 554
"../../../Engine/Plugins/Editor/SpeedTreeImporter/Content/SpeedTree9/SpeedTreeWindMotion.uasset" 555
"../../../Engine/Plugins/Editor/SpeedTreeImporter/Content/SpeedTree9/SpeedTreeWindMotion.uexp" 556
"../../../Engine/Plugins/Editor/SpeedTreeImporter/Content/SpeedTree9/SpeedTreeBranchMotion.uasset" 557
"../../../Engine/Plugins/Editor/SpeedTreeImporter/Content/SpeedTree9/SpeedTreeBranchMotion.uexp" 558
"../../../Engine/Content/Functions/Engine_MaterialFunctions02/ObjectLocalBounds.uasset" 559
"../../../Engine/Content/Functions/Engine_MaterialFunctions02/ObjectLocalBounds.uexp" 560
"../../../Engine/Content/Functions/Engine_MaterialFunctions02/UVs/BoundingBoxBased_0-1_UVW.uasset" 561
"../../../Engine/Content/Functions/Engine_MaterialFunctions02/UVs/BoundingBoxBased_0-1_UVW.uexp" 562
"../../../Engine/Plugins/Editor/SpeedTreeImporter/Content/SpeedTree9/SpeedTreeWind.uasset" 563
"../../../Engine/Plugins/Editor/SpeedTreeImporter/Content/SpeedTree9/SpeedTreeWind.uexp" 564
"../../../Engine/Plugins/Editor/SpeedTreeImporter/Content/SpeedTree9/SpeedTreeBillboard.uasset" 565
"../../../Engine/Plugins/Editor/SpeedTreeImporter/Content/SpeedTree9/SpeedTreeBillboard.uexp" 566
"../../../Engine/Plugins/Editor/SpeedTreeImporter/Content/SpeedTree9/EmptyNormal.uasset" 567
"../../../Engine/Plugins/Editor/SpeedTreeImporter/Content/SpeedTree9/EmptyNormal.uexp" 568
"../../../Engine/Plugins/Editor/SpeedTreeImporter/Content/SpeedTree9/Empty.uasset" 569
"../../../Engine/Plugins/Editor/SpeedTreeImporter/Content/SpeedTree9/Empty.uexp" 570
"../../../Engine/Plugins/Editor/SpeedTreeImporter/Content/SpeedTree9/SpeedTreeBillboardMaster.uasset" 571
"../../../Engine/Plugins/Editor/SpeedTreeImporter/Content/SpeedTree9/SpeedTreeBillboardMaster.uexp" 572
"../../../Engine/Plugins/Editor/SpeedTreeImporter/Content/SpeedTree9/SpeedTreeCameraFacing.uasset" 573
"../../../Engine/Plugins/Editor/SpeedTreeImporter/Content/SpeedTree9/SpeedTreeCameraFacing.uexp" 574
"../../../Engine/Plugins/Editor/SpeedTreeImporter/Content/SpeedTree9/SpeedTreeMaster.uasset" 575
"../../../Engine/Plugins/Editor/SpeedTreeImporter/Content/SpeedTree9/SpeedTreeMaster.uexp" 576
"../../../Engine/Plugins/Runtime/OpenXR/Content/Devices/GoogleDaydream/MRTexture.uasset" 577
"../../../Engine/Plugins/Runtime/OpenXR/Content/Devices/GoogleDaydream/MRTexture.uexp" 578
"../../../Engine/Plugins/Runtime/OpenXR/Content/Devices/GoogleDaydream/MRTexture.ubulk" 579
"../../../Engine/Plugins/Runtime/OpenXR/Content/Devices/GoogleDaydream/BaseTexture.uasset" 580
"../../../Engine/Plugins/Runtime/OpenXR/Content/Devices/GoogleDaydream/BaseTexture.uexp" 581
"../../../Engine/Plugins/Runtime/OpenXR/Content/Devices/GoogleDaydream/BaseTexture.ubulk" 582
"../../../Engine/Content/EngineResources/Black.uasset" 583
"../../../Engine/Content/EngineResources/Black.uexp" 584
"../../../Engine/Plugins/Runtime/OpenXR/Content/Devices/M_XRController.uasset" 585
"../../../Engine/Plugins/Runtime/OpenXR/Content/Devices/M_XRController.uexp" 586
"../../../Engine/Plugins/Runtime/OpenXR/Content/Devices/GoogleDaydream/MI_GoogleDaydream.uasset" 587
"../../../Engine/Plugins/Runtime/OpenXR/Content/Devices/GoogleDaydream/MI_GoogleDaydream.uexp" 588
"../../../Engine/Plugins/Runtime/OpenXR/Content/Devices/GoogleDaydream/GoogleDaydreamController.uasset" 589
"../../../Engine/Plugins/Runtime/OpenXR/Content/Devices/GoogleDaydream/GoogleDaydreamController.uexp" 590
"../../../Engine/Plugins/Runtime/OpenXR/Content/Devices/HTCVive/BaseTexture.uasset" 591
"../../../Engine/Plugins/Runtime/OpenXR/Content/Devices/HTCVive/BaseTexture.uexp" 592
"../../../Engine/Plugins/Runtime/OpenXR/Content/Devices/HTCVive/BaseTexture.ubulk" 593
"../../../Engine/Plugins/Runtime/OpenXR/Content/Devices/HTCVive/MI_HTCVive.uasset" 594
"../../../Engine/Plugins/Runtime/OpenXR/Content/Devices/HTCVive/MI_HTCVive.uexp" 595
"../../../Engine/Plugins/Runtime/OpenXR/Content/Devices/HTCVive/HTCViveController.uasset" 596
"../../../Engine/Plugins/Runtime/OpenXR/Content/Devices/HTCVive/HTCViveController.uexp" 597
"../../../Engine/Plugins/Runtime/OpenXR/Content/Devices/MicrosoftMixedReality/NormalTexture.uasset" 598
"../../../Engine/Plugins/Runtime/OpenXR/Content/Devices/MicrosoftMixedReality/NormalTexture.uexp" 599
"../../../Engine/Plugins/Runtime/OpenXR/Content/Devices/MicrosoftMixedReality/NormalTexture.ubulk" 600
"../../../Engine/Plugins/Runtime/OpenXR/Content/Devices/MicrosoftMixedReality/MRTexture.uasset" 601
"../../../Engine/Plugins/Runtime/OpenXR/Content/Devices/MicrosoftMixedReality/MRTexture.uexp" 602
"../../../Engine/Plugins/Runtime/OpenXR/Content/Devices/MicrosoftMixedReality/MRTexture.ubulk" 603
"../../../Engine/Plugins/Runtime/OpenXR/Content/Devices/MicrosoftMixedReality/EmissiveTexture.uasset" 604
"../../../Engine/Plugins/Runtime/OpenXR/Content/Devices/MicrosoftMixedReality/EmissiveTexture.uexp" 605
"../../../Engine/Plugins/Runtime/OpenXR/Content/Devices/MicrosoftMixedReality/EmissiveTexture.ubulk" 606
"../../../Engine/Plugins/Runtime/OpenXR/Content/Devices/MicrosoftMixedReality/BaseTexture.uasset" 607
"../../../Engine/Plugins/Runtime/OpenXR/Content/Devices/MicrosoftMixedReality/BaseTexture.uexp" 608
"../../../Engine/Plugins/Runtime/OpenXR/Content/Devices/MicrosoftMixedReality/BaseTexture.ubulk" 609
"../../../Engine/Plugins/Runtime/OpenXR/Content/Devices/MicrosoftMixedReality/MI_MicrosoftMixedReality.uasset" 610
"../../../Engine/Plugins/Runtime/OpenXR/Content/Devices/MicrosoftMixedReality/MI_MicrosoftMixedReality.uexp" 611
"../../../Engine/Plugins/Runtime/OpenXR/Content/Devices/MicrosoftMixedReality/Left/left_MicrosoftMixedRealityController.uasset" 612
"../../../Engine/Plugins/Runtime/OpenXR/Content/Devices/MicrosoftMixedReality/Left/left_MicrosoftMixedRealityController.uexp" 613
"../../../Engine/Plugins/Runtime/OpenXR/Content/Devices/MicrosoftMixedReality/Right/right_MicrosoftMixedRealityController.uasset" 614
"../../../Engine/Plugins/Runtime/OpenXR/Content/Devices/MicrosoftMixedReality/Right/right_MicrosoftMixedRealityController.uexp" 615
"../../../Engine/Plugins/Runtime/OpenXR/Content/Devices/OculusGo/BaseTexture.uasset" 616
"../../../Engine/Plugins/Runtime/OpenXR/Content/Devices/OculusGo/BaseTexture.uexp" 617
"../../../Engine/Plugins/Runtime/OpenXR/Content/Devices/OculusGo/BaseTexture.ubulk" 618
"../../../Engine/Plugins/Runtime/OpenXR/Content/Devices/OculusGo/MI_OculusGo.uasset" 619
"../../../Engine/Plugins/Runtime/OpenXR/Content/Devices/OculusGo/MI_OculusGo.uexp" 620
"../../../Engine/Plugins/Runtime/OpenXR/Content/Devices/OculusGo/OculusGoController.uasset" 621
"../../../Engine/Plugins/Runtime/OpenXR/Content/Devices/OculusGo/OculusGoController.uexp" 622
"../../../Engine/Plugins/Runtime/OpenXR/Content/Devices/OculusTouch/MRTexture.uasset" 623
"../../../Engine/Plugins/Runtime/OpenXR/Content/Devices/OculusTouch/MRTexture.uexp" 624
"../../../Engine/Plugins/Runtime/OpenXR/Content/Devices/OculusTouch/MRTexture.ubulk" 625
"../../../Engine/Plugins/Runtime/OpenXR/Content/Devices/OculusTouch/BaseTexture.uasset" 626
"../../../Engine/Plugins/Runtime/OpenXR/Content/Devices/OculusTouch/BaseTexture.uexp" 627
"../../../Engine/Plugins/Runtime/OpenXR/Content/Devices/OculusTouch/BaseTexture.ubulk" 628
"../../../Engine/Plugins/Runtime/OpenXR/Content/Devices/OculusTouch/MI_OculusTouch.uasset" 629
"../../../Engine/Plugins/Runtime/OpenXR/Content/Devices/OculusTouch/MI_OculusTouch.uexp" 630
"../../../Engine/Plugins/Runtime/OpenXR/Content/Devices/OculusTouch/Left/left_OculusTouchController.uasset" 631
"../../../Engine/Plugins/Runtime/OpenXR/Content/Devices/OculusTouch/Left/left_OculusTouchController.uexp" 632
"../../../Engine/Plugins/Runtime/OpenXR/Content/Devices/OculusTouch/Right/right_OculusTouchController.uasset" 633
"../../../Engine/Plugins/Runtime/OpenXR/Content/Devices/OculusTouch/Right/right_OculusTouchController.uexp" 634
"../../../Engine/Plugins/Runtime/OpenXR/Content/Devices/OculusTouch_v2/MRTexture.uasset" 635
"../../../Engine/Plugins/Runtime/OpenXR/Content/Devices/OculusTouch_v2/MRTexture.uexp" 636
"../../../Engine/Plugins/Runtime/OpenXR/Content/Devices/OculusTouch_v2/MRTexture.ubulk" 637
"../../../Engine/Plugins/Runtime/OpenXR/Content/Devices/OculusTouch_v2/BaseTexture.uasset" 638
"../../../Engine/Plugins/Runtime/OpenXR/Content/Devices/OculusTouch_v2/BaseTexture.uexp" 639
"../../../Engine/Plugins/Runtime/OpenXR/Content/Devices/OculusTouch_v2/BaseTexture.ubulk" 640
"../../../Engine/Plugins/Runtime/OpenXR/Content/Devices/OculusTouch_v2/MI_OculusTouch_v2.uasset" 641
"../../../Engine/Plugins/Runtime/OpenXR/Content/Devices/OculusTouch_v2/MI_OculusTouch_v2.uexp" 642
"../../../Engine/Plugins/Runtime/OpenXR/Content/Devices/OculusTouch_v2/Left/left_OculusTouch_v2Controller.uasset" 643
"../../../Engine/Plugins/Runtime/OpenXR/Content/Devices/OculusTouch_v2/Left/left_OculusTouch_v2Controller.uexp" 644
"../../../Engine/Plugins/Runtime/OpenXR/Content/Devices/OculusTouch_v2/Right/right_OculusTouch_v2Controller.uasset" 645
"../../../Engine/Plugins/Runtime/OpenXR/Content/Devices/OculusTouch_v2/Right/right_OculusTouch_v2Controller.uexp" 646
"../../../Engine/Plugins/Runtime/OpenXR/Content/Devices/OculusTouch_v3/MRTexture.uasset" 647
"../../../Engine/Plugins/Runtime/OpenXR/Content/Devices/OculusTouch_v3/MRTexture.uexp" 648
"../../../Engine/Plugins/Runtime/OpenXR/Content/Devices/OculusTouch_v3/MRTexture.ubulk" 649
"../../../Engine/Plugins/Runtime/OpenXR/Content/Devices/OculusTouch_v3/BaseTexture.uasset" 650
"../../../Engine/Plugins/Runtime/OpenXR/Content/Devices/OculusTouch_v3/BaseTexture.uexp" 651
"../../../Engine/Plugins/Runtime/OpenXR/Content/Devices/OculusTouch_v3/BaseTexture.ubulk" 652
"../../../Engine/Plugins/Runtime/OpenXR/Content/Devices/OculusTouch_v3/MI_OculusTouch_v3.uasset" 653
"../../../Engine/Plugins/Runtime/OpenXR/Content/Devices/OculusTouch_v3/MI_OculusTouch_v3.uexp" 654
"../../../Engine/Plugins/Runtime/OpenXR/Content/Devices/OculusTouch_v3/Left/left_OculusTouch_v3Controller.uasset" 655
"../../../Engine/Plugins/Runtime/OpenXR/Content/Devices/OculusTouch_v3/Left/left_OculusTouch_v3Controller.uexp" 656
"../../../Engine/Plugins/Runtime/OpenXR/Content/Devices/OculusTouch_v3/Right/right_OculusTouch_v3Controller.uasset" 657
"../../../Engine/Plugins/Runtime/OpenXR/Content/Devices/OculusTouch_v3/Right/right_OculusTouch_v3Controller.uexp" 658
"../../../Engine/Plugins/Runtime/OpenXR/Content/Devices/ValveIndex/MRTexture.uasset" 659
"../../../Engine/Plugins/Runtime/OpenXR/Content/Devices/ValveIndex/MRTexture.uexp" 660
"../../../Engine/Plugins/Runtime/OpenXR/Content/Devices/ValveIndex/MRTexture.ubulk" 661
"../../../Engine/Plugins/Runtime/OpenXR/Content/Devices/ValveIndex/BaseTexture.uasset" 662
"../../../Engine/Plugins/Runtime/OpenXR/Content/Devices/ValveIndex/BaseTexture.uexp" 663
"../../../Engine/Plugins/Runtime/OpenXR/Content/Devices/ValveIndex/BaseTexture.ubulk" 664
"../../../Engine/Plugins/Runtime/OpenXR/Content/Devices/ValveIndex/Left/MI_left_ValveIndex.uasset" 665
"../../../Engine/Plugins/Runtime/OpenXR/Content/Devices/ValveIndex/Left/MI_left_ValveIndex.uexp" 666
"../../../Engine/Plugins/Runtime/OpenXR/Content/Devices/ValveIndex/Left/left_ValveIndexController.uasset" 667
"../../../Engine/Plugins/Runtime/OpenXR/Content/Devices/ValveIndex/Left/left_ValveIndexController.uexp" 668
"../../../Engine/Plugins/Runtime/OpenXR/Content/Devices/ValveIndex/Right/MI_right_ValveIndex.uasset" 669
"../../../Engine/Plugins/Runtime/OpenXR/Content/Devices/ValveIndex/Right/MI_right_ValveIndex.uexp" 670
"../../../Engine/Plugins/Runtime/OpenXR/Content/Devices/ValveIndex/Right/right_ValveIndexController.uasset" 671
"../../../Engine/Plugins/Runtime/OpenXR/Content/Devices/ValveIndex/Right/right_ValveIndexController.uexp" 672
"../../../Engine/Content/BasicShapes/Cylinder.uasset" 673
"../../../Engine/Content/BasicShapes/Cylinder.uexp" 674
"../../../Engine/Content/ArtTools/RenderToTexture/Materials/Debug/M_Emissive_Color.uasset" 675
"../../../Engine/Content/ArtTools/RenderToTexture/Materials/Debug/M_Emissive_Color.uexp" 676
"../../../Engine/Plugins/Lumin/MagicLeapPassableWorld/Content/MagicLeapARPinInfoActor.uasset" 677
"../../../Engine/Plugins/Lumin/MagicLeapPassableWorld/Content/MagicLeapARPinInfoActor.uexp" 678
"../../../Engine/Content/Functions/Engine_MaterialFunctions02/Utility/BreakOutFloat4Components.uasset" 679
"../../../Engine/Content/Functions/Engine_MaterialFunctions02/Utility/BreakOutFloat4Components.uexp" 680
"../../../Engine/Content/Functions/Engine_MaterialFunctions02/Utility/MakeFloat3.uasset" 681
"../../../Engine/Content/Functions/Engine_MaterialFunctions02/Utility/MakeFloat3.uexp" 682
"../../../Engine/Plugins/Runtime/Oculus/OculusVR/Content/Materials/OculusMR_ChromaKey.uasset" 683
"../../../Engine/Plugins/Runtime/Oculus/OculusVR/Content/Materials/OculusMR_ChromaKey.uexp" 684
"../../../Engine/Plugins/Runtime/Oculus/OculusVR/Content/Materials/OculusMR_OpaqueColoredMaterial.uasset" 685
"../../../Engine/Plugins/Runtime/Oculus/OculusVR/Content/Materials/OculusMR_OpaqueColoredMaterial.uexp" 686
"../../../Engine/Plugins/Runtime/Oculus/OculusVR/Content/Materials/PokeAHoleMaterial.uasset" 687
"../../../Engine/Plugins/Runtime/Oculus/OculusVR/Content/Materials/PokeAHoleMaterial.uexp" 688
"../../../Engine/Plugins/Runtime/Oculus/OculusVR/Content/Textures/touchController_controlmap.uasset" 689
"../../../Engine/Plugins/Runtime/Oculus/OculusVR/Content/Textures/touchController_controlmap.uexp" 690
"../../../Engine/Plugins/Runtime/Oculus/OculusVR/Content/Textures/touchController_controlmap.ubulk" 691
"../../../Engine/Plugins/Runtime/Oculus/OculusVR/Content/Textures/touchController_albedo.uasset" 692
"../../../Engine/Plugins/Runtime/Oculus/OculusVR/Content/Textures/touchController_albedo.uexp" 693
"../../../Engine/Plugins/Runtime/Oculus/OculusVR/Content/Textures/touchController_albedo.ubulk" 694
"../../../Engine/Plugins/Runtime/Oculus/OculusVR/Content/Materials/touchController_mat.uasset" 695
"../../../Engine/Plugins/Runtime/Oculus/OculusVR/Content/Materials/touchController_mat.uexp" 696
"../../../Engine/Plugins/Runtime/Oculus/OculusVR/Content/Meshes/LeftTouchController.uasset" 697
"../../../Engine/Plugins/Runtime/Oculus/OculusVR/Content/Meshes/LeftTouchController.uexp" 698
"../../../Engine/Plugins/Runtime/Oculus/OculusVR/Content/Textures/TouchForQuestRiftSController_albedo.uasset" 699
"../../../Engine/Plugins/Runtime/Oculus/OculusVR/Content/Textures/TouchForQuestRiftSController_albedo.uexp" 700
"../../../Engine/Plugins/Runtime/Oculus/OculusVR/Content/Textures/TouchForQuestRiftSController_albedo.ubulk" 701
"../../../Engine/Plugins/Runtime/Oculus/OculusVR/Content/Materials/TouchForQuestRiftSControllerMaterial.uasset" 702
"../../../Engine/Plugins/Runtime/Oculus/OculusVR/Content/Materials/TouchForQuestRiftSControllerMaterial.uexp" 703
"../../../Engine/Plugins/Runtime/Oculus/OculusVR/Content/Meshes/LeftTouchForQuestRiftSController.uasset" 704
"../../../Engine/Plugins/Runtime/Oculus/OculusVR/Content/Meshes/LeftTouchForQuestRiftSController.uexp" 705
"../../../Engine/Plugins/Runtime/Oculus/OculusVR/Content/Meshes/RiftHMD.uasset" 706
"../../../Engine/Plugins/Runtime/Oculus/OculusVR/Content/Meshes/RiftHMD.uexp" 707
"../../../Engine/Plugins/Runtime/Oculus/OculusVR/Content/Meshes/RightTouchController.uasset" 708
"../../../Engine/Plugins/Runtime/Oculus/OculusVR/Content/Meshes/RightTouchController.uexp" 709
"../../../Engine/Plugins/Runtime/Oculus/OculusVR/Content/Meshes/RightTouchForQuestRiftSController.uasset" 710
"../../../Engine/Plugins/Runtime/Oculus/OculusVR/Content/Meshes/RightTouchForQuestRiftSController.uexp" 711
"../../../Engine/Content/MapTemplates/SM_Template_Map_Floor.uasset" 712
"../../../Engine/Content/MapTemplates/SM_Template_Map_Floor.uexp" 713
"../../../Engine/Content/EngineSky/T_Sky_Stars.uasset" 714
"../../../Engine/Content/EngineSky/T_Sky_Stars.uexp" 715
"../../../Engine/Content/EngineSky/T_Sky_Stars.ubulk" 716
"../../../Engine/Content/EngineSky/T_Sky_Clouds_M.uasset" 717
"../../../Engine/Content/EngineSky/T_Sky_Clouds_M.uexp" 718
"../../../Engine/Content/EngineSky/T_Sky_Clouds_M.ubulk" 719
"../../../Engine/Content/EngineSky/T_Sky_Blue.uasset" 720
"../../../Engine/Content/EngineSky/T_Sky_Blue.uexp" 721
"../../../Engine/Content/EngineSky/T_Sky_Blue.ubulk" 722
"../../../Engine/Content/EngineSky/M_Sky_Panning_Clouds2.uasset" 723
"../../../Engine/Content/EngineSky/M_Sky_Panning_Clouds2.uexp" 724
"../../../Engine/Content/BasicShapes/BasicShapeMaterial.uasset" 725
"../../../Engine/Content/BasicShapes/BasicShapeMaterial.uexp" 726
"E:/UnrealEngine/Unreal Projects/TomdsMagic/Content/Blueprints/Maps/TestMap_BuiltData.uasset" 727
"E:/UnrealEngine/Unreal Projects/TomdsMagic/Content/Blueprints/Maps/TestMap_BuiltData.uexp" 728
"E:/UnrealEngine/Unreal Projects/TomdsMagic/Content/Blueprints/Maps/TestMap_BuiltData.ubulk" 729
"../../../Engine/Content/EngineSky/SM_SkySphere.uasset" 730
"../../../Engine/Content/EngineSky/SM_SkySphere.uexp" 731
"../../../Engine/Content/EngineSky/C_Sky_Zenith_Color.uasset" 732
"../../../Engine/Content/EngineSky/C_Sky_Zenith_Color.uexp" 733
"../../../Engine/Content/EngineSky/C_Sky_Horizon_Color.uasset" 734
"../../../Engine/Content/EngineSky/C_Sky_Horizon_Color.uexp" 735
"../../../Engine/Content/EngineSky/C_Sky_Cloud_Color.uasset" 736
"../../../Engine/Content/EngineSky/C_Sky_Cloud_Color.uexp" 737
"../../../Engine/Content/EngineSky/BP_Sky_Sphere.uasset" 738
"../../../Engine/Content/EngineSky/BP_Sky_Sphere.uexp" 739
"E:/UnrealEngine/Unreal Projects/TomdsMagic/Content/Blueprints/Actors/BP_MovableBox.uasset" 740
"E:/UnrealEngine/Unreal Projects/TomdsMagic/Content/Blueprints/Actors/BP_MovableBox.uexp" 741
"E:/UnrealEngine/Unreal Projects/TomdsMagic/Content/Materials/M_WallsMaterial.uasset" 742
"E:/UnrealEngine/Unreal Projects/TomdsMagic/Content/Materials/M_WallsMaterial.uexp" 743
"E:/UnrealEngine/Unreal Projects/TomdsMagic/Content/Blueprints/Maps/TestMap.uexp" 744
"E:/UnrealEngine/Unreal Projects/TomdsMagic/Content/Blueprints/Maps/TestMap.umap" 745
"E:/UnrealEngine/Unreal Projects/TomdsMagic/Content/Blueprints/Maps/LVL1/LVL_1_Gameplay_BuiltData.uasset" 746
"E:/UnrealEngine/Unreal Projects/TomdsMagic/Content/Blueprints/Maps/LVL1/LVL_1_Gameplay_BuiltData.uexp" 747
"E:/UnrealEngine/Unreal Projects/TomdsMagic/Content/Blueprints/Maps/LVL1/LVL_1_Gameplay.uexp" 748
"E:/UnrealEngine/Unreal Projects/TomdsMagic/Content/Blueprints/Maps/LVL1/LVL_1_Gameplay.umap" 749
"E:/UnrealEngine/Unreal Projects/TomdsMagic/Content/Blueprints/GameRules/BP_GameInstands.uasset" 750
"E:/UnrealEngine/Unreal Projects/TomdsMagic/Content/Blueprints/GameRules/BP_GameInstands.uexp" 751
"E:/UnrealEngine/Unreal Projects/TomdsMagic/Content/Blueprints/Actors/Interactable/IN_Action.uasset" 752
"E:/UnrealEngine/Unreal Projects/TomdsMagic/Content/Blueprints/Actors/Interactable/IN_Action.uexp" 753
"E:/UnrealEngine/Unreal Projects/TomdsMagic/Content/Blueprints/Actors/BP_StartLVL.uasset" 754
"E:/UnrealEngine/Unreal Projects/TomdsMagic/Content/Blueprints/Actors/BP_StartLVL.uexp" 755
"E:/UnrealEngine/Unreal Projects/TomdsMagic/Content/Blueprints/Maps/LVL3/LVL_3_full.uexp" 756
"E:/UnrealEngine/Unreal Projects/TomdsMagic/Content/Blueprints/Maps/LVL3/LVL_3_full.umap" 757
"../../../Engine/Content/MapTemplates/Sky/T_UDK_Sky_CloudMask01_N.uasset" 758
"../../../Engine/Content/MapTemplates/Sky/T_UDK_Sky_CloudMask01_N.uexp" 759
"../../../Engine/Content/MapTemplates/Sky/T_UDK_Sky_CloudMask01_N.ubulk" 760
"../../../Engine/Content/MapTemplates/Sky/T_Sky_Stars.uasset" 761
"../../../Engine/Content/MapTemplates/Sky/T_Sky_Stars.uexp" 762
"../../../Engine/Content/MapTemplates/Sky/T_Sky_Stars.ubulk" 763
"../../../Engine/Content/MapTemplates/T_UDK_Sky_CloudMask03.uasset" 764
"../../../Engine/Content/MapTemplates/T_UDK_Sky_CloudMask03.uexp" 765
"../../../Engine/Content/MapTemplates/T_UDK_Sky_CloudMask03.ubulk" 766
"../../../Engine/Content/MapTemplates/Sky/M_Procedural_Sky_MASTER02.uasset" 767
"../../../Engine/Content/MapTemplates/Sky/M_Procedural_Sky_MASTER02.uexp" 768
"../../../Engine/Content/MapTemplates/Sky/SM_SkySphere.uasset" 769
"../../../Engine/Content/MapTemplates/Sky/SM_SkySphere.uexp" 770
"../../../Engine/Content/BasicShapes/Plane.uasset" 771
"../../../Engine/Content/BasicShapes/Plane.uexp" 772
"E:/UnrealEngine/Unreal Projects/TomdsMagic/Content/Materials/M_Red.uasset" 773
"E:/UnrealEngine/Unreal Projects/TomdsMagic/Content/Materials/M_Red.uexp" 774
"E:/UnrealEngine/Unreal Projects/TomdsMagic/Content/Materials/M_Green.uasset" 775
"E:/UnrealEngine/Unreal Projects/TomdsMagic/Content/Materials/M_Green.uexp" 776
"E:/UnrealEngine/Unreal Projects/TomdsMagic/Content/Blueprints/Actors/Interactable/BP_2DButton.uasset" 777
"E:/UnrealEngine/Unreal Projects/TomdsMagic/Content/Blueprints/Actors/Interactable/BP_2DButton.uexp" 778
"E:/UnrealEngine/Unreal Projects/TomdsMagic/Content/Blueprints/Actors/BP_Box.uasset" 779
"E:/UnrealEngine/Unreal Projects/TomdsMagic/Content/Blueprints/Actors/BP_Box.uexp" 780
"E:/UnrealEngine/Unreal Projects/TomdsMagic/Content/Geometry/Meshes/1M_Cube.uasset" 781
"E:/UnrealEngine/Unreal Projects/TomdsMagic/Content/Geometry/Meshes/1M_Cube.uexp" 782
"E:/UnrealEngine/Unreal Projects/TomdsMagic/Content/Blueprints/Actors/BP_2DHiddenMesh.uasset" 783
"E:/UnrealEngine/Unreal Projects/TomdsMagic/Content/Blueprints/Actors/BP_2DHiddenMesh.uexp" 784
"E:/UnrealEngine/Unreal Projects/TomdsMagic/Content/Blueprints/Maps/LVL3/LVL_3_Gameplay.uexp" 785
"E:/UnrealEngine/Unreal Projects/TomdsMagic/Content/Blueprints/Maps/LVL3/LVL_3_Gameplay.umap" 786
"E:/UnrealEngine/Unreal Projects/TomdsMagic/Content/Blueprints/Maps/LVL5/LVL_5_full.uexp" 787
"E:/UnrealEngine/Unreal Projects/TomdsMagic/Content/Blueprints/Maps/LVL5/LVL_5_full.umap" 788
"E:/UnrealEngine/Unreal Projects/TomdsMagic/Content/Blueprints/Maps/LVL5/LVL_5_Gameplay.uexp" 789
"E:/UnrealEngine/Unreal Projects/TomdsMagic/Content/Blueprints/Maps/LVL5/LVL_5_Gameplay.umap" 790
"E:/UnrealEngine/Unreal Projects/TomdsMagic/Content/Blueprints/Maps/LVL6/LVL_6_full.uexp" 791
"E:/UnrealEngine/Unreal Projects/TomdsMagic/Content/Blueprints/Maps/LVL6/LVL_6_full.umap" 792
"E:/UnrealEngine/Unreal Projects/TomdsMagic/Content/Blueprints/Maps/LVL6/LVL_6_Gameplay.uexp" 793
"E:/UnrealEngine/Unreal Projects/TomdsMagic/Content/Blueprints/Maps/LVL6/LVL_6_Gameplay.umap" 794
"E:/UnrealEngine/Unreal Projects/TomdsMagic/Content/Blueprints/Maps/LVL7/LVL_7_full.uexp" 795
"E:/UnrealEngine/Unreal Projects/TomdsMagic/Content/Blueprints/Maps/LVL7/LVL_7_full.umap" 796
"E:/UnrealEngine/Unreal Projects/TomdsMagic/Content/Blueprints/Maps/LVL7/LVL_7_Gameplay.uexp" 797
"E:/UnrealEngine/Unreal Projects/TomdsMagic/Content/Blueprints/Maps/LVL7/LVL_7_Gameplay.umap" 798
"E:/UnrealEngine/Unreal Projects/TomdsMagic/Content/Blueprints/Widgets/MainMenu/W_MainMenu.uasset" 799
"E:/UnrealEngine/Unreal Projects/TomdsMagic/Content/Blueprints/Widgets/MainMenu/W_MainMenu.uexp" 800
"E:/UnrealEngine/Unreal Projects/TomdsMagic/Content/Blueprints/Widgets/MainMenu/Map_MainMenu.uexp" 801
"E:/UnrealEngine/Unreal Projects/TomdsMagic/Content/Blueprints/Widgets/MainMenu/Map_MainMenu.umap" 802
"E:/UnrealEngine/Unreal Projects/TomdsMagic/Content/Blueprints/Maps/LVL1/LVL_1_full_BuiltData.uasset" 803
"E:/UnrealEngine/Unreal Projects/TomdsMagic/Content/Blueprints/Maps/LVL1/LVL_1_full_BuiltData.uexp" 804
"E:/UnrealEngine/Unreal Projects/TomdsMagic/Content/Blueprints/Actors/Interactable/BP_2DButtonLVL1.uasset" 805
"E:/UnrealEngine/Unreal Projects/TomdsMagic/Content/Blueprints/Actors/Interactable/BP_2DButtonLVL1.uexp" 806
"E:/UnrealEngine/Unreal Projects/TomdsMagic/Content/Blueprints/Maps/LVL1/LVL_1_full.uexp" 807
"E:/UnrealEngine/Unreal Projects/TomdsMagic/Content/Blueprints/Maps/LVL1/LVL_1_full.umap" 808
"E:/UnrealEngine/Unreal Projects/TomdsMagic/Content/Blueprints/Maps/LVL2/LVL_2_full_BuiltData.uasset" 809
"E:/UnrealEngine/Unreal Projects/TomdsMagic/Content/Blueprints/Maps/LVL2/LVL_2_full_BuiltData.uexp" 810
"E:/UnrealEngine/Unreal Projects/TomdsMagic/Content/Blueprints/Maps/LVL2/LVL_2_full.uexp" 811
"E:/UnrealEngine/Unreal Projects/TomdsMagic/Content/Blueprints/Maps/LVL2/LVL_2_full.umap" 812
"E:/UnrealEngine/Unreal Projects/TomdsMagic/Content/Blueprints/Maps/LVL2/LVL_2_Gameplay_BuiltData.uasset" 813
"E:/UnrealEngine/Unreal Projects/TomdsMagic/Content/Blueprints/Maps/LVL2/LVL_2_Gameplay_BuiltData.uexp" 814
"E:/UnrealEngine/Unreal Projects/TomdsMagic/Content/Blueprints/Actors/Interactable/BP_ButtonController.uasset" 815
"E:/UnrealEngine/Unreal Projects/TomdsMagic/Content/Blueprints/Actors/Interactable/BP_ButtonController.uexp" 816
"E:/UnrealEngine/Unreal Projects/TomdsMagic/Content/Blueprints/Maps/LVL2/LVL_2_Gameplay.uexp" 817
"E:/UnrealEngine/Unreal Projects/TomdsMagic/Content/Blueprints/Maps/LVL2/LVL_2_Gameplay.umap" 818
"E:/UnrealEngine/Unreal Projects/TomdsMagic/Content/Blueprints/Maps/LVL4/LVL_4_full.uexp" 819
"E:/UnrealEngine/Unreal Projects/TomdsMagic/Content/Blueprints/Maps/LVL4/LVL_4_full.umap" 820
"E:/UnrealEngine/Unreal Projects/TomdsMagic/Content/Blueprints/Maps/LVL4/LVL_4_Gameplay.uexp" 821
"E:/UnrealEngine/Unreal Projects/TomdsMagic/Content/Blueprints/Maps/LVL4/LVL_4_Gameplay.umap" 822
"../../../Engine/Content/Maps/Entry_BuiltData.uasset" 823
"../../../Engine/Content/Maps/Entry_BuiltData.uexp" 824
"../../../Engine/Content/Maps/Entry.uexp" 825
"../../../Engine/Content/Maps/Entry.umap" 826
